2025-06-28 16:45:41,287 - NewsWatcherApp - INFO - バックグラウンドポーリング開始
2025-06-28 16:45:41,287 - NewsWatcherApp - INFO - UIアプリケーション開始
2025-06-28 16:46:44,328 - NewsWatcherApp - INFO - バックグラウンドポーリング停止
2025-06-28 16:46:44,328 - NewsWatcherApp - INFO - バックグラウンドポーリング停止
2025-06-28 16:51:04,061 - NewsWatcherApp - INFO - バックグラウンドポーリング開始
2025-06-28 16:51:04,061 - NewsWatcherApp - INFO - UIアプリケーション開始
2025-06-28 16:52:03,276 - NewsWatcherApp - INFO - バックグラウンドポーリング停止
2025-06-28 16:52:03,276 - NewsWatcherApp - INFO - バックグラウンドポーリング停止
2025-06-28 16:53:01,430 - NewsWatcherApp - INFO - バックグラウンドポーリング開始
2025-06-28 16:53:01,430 - NewsWatcherApp - INFO - UIアプリケーション開始
2025-06-28 16:58:35,131 - NewsWatcherApp - INFO - バックグラウンドポーリング開始
2025-06-28 16:58:35,132 - NewsWatcherApp - INFO - UIアプリケーション開始
2025-06-28 16:59:58,677 - NewsWatcherApp - INFO - バックグラウンドポーリング停止
2025-06-28 16:59:58,677 - NewsWatcherApp - INFO - バックグラウンドポーリング停止
2025-06-28 17:10:35,176 - NewsWatcherApp - INFO - バックグラウンドポーリング開始
2025-06-28 17:10:35,177 - NewsWatcherApp - INFO - UIアプリケーション開始
2025-06-28 17:12:11,470 - NewsWatcherApp - INFO - バックグラウンドポーリング停止
2025-06-28 17:12:11,470 - NewsWatcherApp - INFO - バックグラウンドポーリング停止
2025-06-28 17:18:12,036 - NewsWatcherApp - INFO - バックグラウンドポーリング開始
2025-06-28 17:18:12,037 - NewsWatcherApp - INFO - UIアプリケーション開始
2025-06-28 17:19:16,206 - NewsWatcherApp - INFO - 手動ニュース登録: manual_dead3ea9f41f
2025-06-28 17:19:16,206 - NewsWatcherApp - INFO - 手動ニュース登録: manual_dead3ea9f41f
2025-06-28 17:21:58,912 - NewsWatcherApp - INFO - バックグラウンドポーリング開始
2025-06-28 17:21:58,913 - NewsWatcherApp - INFO - UIアプリケーション開始
2025-06-28 17:23:23,766 - NewsWatcherApp - INFO - バックグラウンドポーリング停止
2025-06-28 17:23:23,766 - NewsWatcherApp - INFO - バックグラウンドポーリング停止
2025-06-28 17:24:57,781 - NewsWatcherApp - INFO - バックグラウンドポーリング開始
2025-06-28 17:24:57,782 - NewsWatcherApp - INFO - UIアプリケーション開始
2025-06-28 17:25:49,267 - NewsWatcherApp - INFO - バックグラウンドポーリング停止
2025-06-28 17:25:49,267 - NewsWatcherApp - INFO - バックグラウンドポーリング停止
2025-06-28 17:40:10,973 - NewsWatcherApp - INFO - バックグラウンドポーリング開始
2025-06-28 17:40:10,974 - NewsWatcherApp - INFO - UIアプリケーション開始
2025-06-28 17:42:04,908 - NewsWatcherApp - INFO - バックグラウンドポーリング停止
2025-06-28 17:42:04,908 - NewsWatcherApp - INFO - バックグラウンドポーリング停止
2025-06-28 17:44:54,357 - NewsWatcherApp - INFO - バックグラウンドポーリング開始
2025-06-28 17:44:54,357 - NewsWatcherApp - INFO - UIアプリケーション開始
2025-06-28 17:45:08,126 - NewsWatcherApp - INFO - 手動ニュース削除: manual_dead3ea9f41f
2025-06-28 17:45:08,126 - NewsWatcherApp - INFO - 手動ニュース削除: manual_dead3ea9f41f
2025-06-28 17:45:18,974 - NewsWatcherApp - INFO - バックグラウンドポーリング停止
2025-06-28 17:45:18,974 - NewsWatcherApp - INFO - バックグラウンドポーリング停止
2025-06-28 17:45:44,408 - NewsWatcherApp - INFO - バックグラウンドポーリング開始
2025-06-28 17:45:44,409 - NewsWatcherApp - INFO - UIアプリケーション開始
2025-06-28 17:46:47,238 - NewsWatcherApp - INFO - 手動ニュース登録: manual_f96c8c7c7bdd
2025-06-28 17:46:47,238 - NewsWatcherApp - INFO - 手動ニュース登録: manual_f96c8c7c7bdd
2025-06-28 18:00:25,929 - NewsWatcherApp - INFO - バックグラウンドポーリング開始
2025-06-28 18:00:25,930 - NewsWatcherApp - INFO - UIアプリケーション開始
2025-06-28 18:01:39,328 - NewsWatcherApp - INFO - バックグラウンドポーリング停止
2025-06-28 18:01:39,328 - NewsWatcherApp - INFO - バックグラウンドポーリング停止
2025-06-28 18:08:57,072 - NewsWatcherApp - INFO - バックグラウンドポーリング開始
2025-06-28 18:08:57,072 - NewsWatcherApp - INFO - UIアプリケーション開始
2025-06-28 18:15:08,066 - NewsWatcherApp - INFO - バックグラウンドポーリング開始
2025-06-28 18:15:08,067 - NewsWatcherApp - INFO - UIアプリケーション開始
2025-06-28 18:16:37,354 - NewsWatcherApp - INFO - 手動ニュース登録: manual_f764a3fec376
2025-06-28 18:16:37,354 - NewsWatcherApp - INFO - 手動ニュース登録: manual_f764a3fec376
2025-06-28 18:17:02,620 - NewsWatcherApp - INFO - バックグラウンドポーリング停止
2025-06-28 18:17:02,620 - NewsWatcherApp - INFO - バックグラウンドポーリング停止
2025-06-28 18:22:42,427 - NewsWatcherApp - INFO - バックグラウンドポーリング開始
2025-06-28 18:22:42,428 - NewsWatcherApp - INFO - UIアプリケーション開始
